app/build/intermediates/manifest_merge_blame_file/debug/manifest-merger-blame-debug-report.txt
1<?xml version="1.0" encoding="utf-8"?>
2<manifest xmlns:android="http://schemas.android.com/apk/res/android"
3    package="com.example.linkup"
4    android:versionCode="1"
5    android:versionName="1.0" >
6
7    <uses-sdk
8        android:minSdkVersion="24"
8-->src\main\AndroidManifest.xml
9        android:targetSdkVersion="34" />
9-->src\main\AndroidManifest.xml
10
11    <uses-permission android:name="android.permission.INTERNET" />
11-->[com.google.firebase:firebase-auth:22.0.0] AndroidManifest.xml:25:5-67
11-->[com.google.firebase:firebase-auth:22.0.0] AndroidManifest.xml:25:22-64
12    <uses-permission android:name="android.permission.ACCESS_NETWORK_STATE" />
12-->[com.google.firebase:firebase-auth:22.0.0] AndroidManifest.xml:26:5-79
12-->[com.google.firebase:firebase-auth:22.0.0] AndroidManifest.xml:26:22-76
13    <uses-permission android:name="android.permission.WAKE_LOCK" />
13-->[com.google.android.gms:play-services-measurement-api:21.3.0] AndroidManifest.xml:24:5-68
13-->[com.google.android.gms:play-services-measurement-api:21.3.0] AndroidManifest.xml:24:22-65
14    <uses-permission android:name="com.google.android.gms.permission.AD_ID" />
14-->[com.google.android.gms:play-services-measurement-api:21.3.0] AndroidManifest.xml:25:5-79
14-->[com.google.android.gms:play-services-measurement-api:21.3.0] AndroidManifest.xml:25:22-76
15    <uses-permission android:name="com.google.android.finsky.permission.BIND_GET_INSTALL_REFERRER_SERVICE" />
15-->[com.google.android.gms:play-services-measurement:21.3.0] AndroidManifest.xml:26:5-110
15-->[com.google.android.gms:play-services-measurement:21.3.0] AndroidManifest.xml:26:22-107
16
17    <permission
17-->[androidx.core:core:1.10.1] AndroidManifest.xml:22:5-24:47
18        android:name="com.example.linkup.DYNAMIC_RECEIVER_NOT_EXPORTED_PERMISSION"
18-->[androidx.core:core:1.10.1] AndroidManifest.xml:23:9-81
19        android:protectionLevel="signature" />
19-->[androidx.core:core:1.10.1] AndroidManifest.xml:24:9-44
20
21    <uses-permission android:name="com.example.linkup.DYNAMIC_RECEIVER_NOT_EXPORTED_PERMISSION" />
21-->[androidx.core:core:1.10.1] AndroidManifest.xml:26:5-97
21-->[androidx.core:core:1.10.1] AndroidManifest.xml:26:22-94
22
23    <application
23-->src\main\AndroidManifest.xml:5:5-37:19
24        android:allowBackup="true"
24-->src\main\AndroidManifest.xml:6:9-35
25        android:appComponentFactory="androidx.core.app.CoreComponentFactory"
25-->[androidx.core:core:1.10.1] AndroidManifest.xml:28:18-86
26        android:dataExtractionRules="@xml/data_extraction_rules"
26-->src\main\AndroidManifest.xml:7:9-65
27        android:debuggable="true"
28        android:extractNativeLibs="false"
29        android:fullBackupContent="@xml/backup_rules"
29-->src\main\AndroidManifest.xml:8:9-54
30        android:icon="@mipmap/ic_launcher"
30-->src\main\AndroidManifest.xml:9:9-43
31        android:label="@string/app_name"
31-->src\main\AndroidManifest.xml:10:9-41
32        android:roundIcon="@mipmap/ic_launcher_round"
32-->src\main\AndroidManifest.xml:11:9-54
33        android:supportsRtl="true"
33-->src\main\AndroidManifest.xml:12:9-35
34        android:testOnly="true"
35        android:theme="@style/Theme.LinkUp" >
35-->src\main\AndroidManifest.xml:13:9-44
36        <activity
36-->src\main\AndroidManifest.xml:15:9-17:40
37            android:name="com.example.linkup.ChatActivity"
37-->src\main\AndroidManifest.xml:16:13-41
38            android:exported="false" />
38-->src\main\AndroidManifest.xml:17:13-37
39        <activity
39-->src\main\AndroidManifest.xml:18:9-20:40
40            android:name="com.example.linkup.SignUp"
40-->src\main\AndroidManifest.xml:19:13-35
41            android:exported="false" />
41-->src\main\AndroidManifest.xml:20:13-37
42        <activity
42-->src\main\AndroidManifest.xml:21:9-23:39
43            android:name="com.example.linkup.MainActivity"
43-->src\main\AndroidManifest.xml:22:13-41
44            android:exported="false" />
44-->src\main\AndroidManifest.xml:23:13-37
45        <activity
45-->src\main\AndroidManifest.xml:24:9-32:20
46            android:name="com.example.linkup.Login"
46-->src\main\AndroidManifest.xml:25:13-34
47            android:exported="true" >
47-->src\main\AndroidManifest.xml:26:13-36
48            <intent-filter>
48-->src\main\AndroidManifest.xml:27:13-31:29
49                <action android:name="android.intent.action.MAIN" />
49-->src\main\AndroidManifest.xml:28:17-69
49-->src\main\AndroidManifest.xml:28:25-66
50
51                <category android:name="android.intent.category.LAUNCHER" />
51-->src\main\AndroidManifest.xml:30:17-77
51-->src\main\AndroidManifest.xml:30:27-74
52            </intent-filter>
53        </activity>
54
55        <meta-data
55-->src\main\AndroidManifest.xml:34:9-36:57
56            android:name="preloaded_fonts"
56-->src\main\AndroidManifest.xml:35:13-43
57            android:resource="@array/preloaded_fonts" />
57-->src\main\AndroidManifest.xml:36:13-54
58
59        <service
59-->[com.google.firebase:firebase-auth-ktx:22.0.0] AndroidManifest.xml:8:9-14:19
60            android:name="com.google.firebase.components.ComponentDiscoveryService"
60-->[com.google.firebase:firebase-auth-ktx:22.0.0] AndroidManifest.xml:9:13-84
61            android:directBootAware="true"
61-->[com.google.firebase:firebase-common:20.3.2] AndroidManifest.xml:34:13-43
62            android:exported="false" >
62-->[com.google.firebase:firebase-auth-ktx:22.0.0] AndroidManifest.xml:10:13-37
63            <meta-data
63-->[com.google.firebase:firebase-auth-ktx:22.0.0] AndroidManifest.xml:11:13-13:85
64                android:name="com.google.firebase.components:com.google.firebase.auth.ktx.FirebaseAuthKtxRegistrar"
64-->[com.google.firebase:firebase-auth-ktx:22.0.0] AndroidManifest.xml:12:17-116
65                android:value="com.google.firebase.components.ComponentRegistrar" />
65-->[com.google.firebase:firebase-auth-ktx:22.0.0] AndroidManifest.xml:13:17-82
66            <meta-data
66-->[com.google.firebase:firebase-database-ktx:20.2.2] AndroidManifest.xml:14:13-16:85
67                android:name="com.google.firebase.components:com.google.firebase.database.ktx.FirebaseDatabaseKtxRegistrar"
67-->[com.google.firebase:firebase-database-ktx:20.2.2] AndroidManifest.xml:15:17-124
68                android:value="com.google.firebase.components.ComponentRegistrar" />
68-->[com.google.firebase:firebase-database-ktx:20.2.2] AndroidManifest.xml:16:17-82
69            <meta-data
69-->[com.google.firebase:firebase-common-ktx:20.3.2] AndroidManifest.xml:14:13-16:85
70                android:name="com.google.firebase.components:com.google.firebase.ktx.FirebaseCommonKtxRegistrar"
70-->[com.google.firebase:firebase-common-ktx:20.3.2] AndroidManifest.xml:15:17-113
71                android:value="com.google.firebase.components.ComponentRegistrar" />
71-->[com.google.firebase:firebase-common-ktx:20.3.2] AndroidManifest.xml:16:17-82
72            <meta-data
72-->[com.google.firebase:firebase-auth:22.0.0] AndroidManifest.xml:69:13-71:85
73                android:name="com.google.firebase.components:com.google.firebase.auth.FirebaseAuthRegistrar"
73-->[com.google.firebase:firebase-auth:22.0.0] AndroidManifest.xml:70:17-109
74                android:value="com.google.firebase.components.ComponentRegistrar" />
74-->[com.google.firebase:firebase-auth:22.0.0] AndroidManifest.xml:71:17-82
75            <meta-data
75-->[com.google.firebase:firebase-database:20.2.2] AndroidManifest.xml:31:13-33:85
76                android:name="com.google.firebase.components:com.google.firebase.database.DatabaseRegistrar"
76-->[com.google.firebase:firebase-database:20.2.2] AndroidManifest.xml:32:17-109
77                android:value="com.google.firebase.components.ComponentRegistrar" />
77-->[com.google.firebase:firebase-database:20.2.2] AndroidManifest.xml:33:17-82
78            <meta-data
78-->[com.google.android.gms:play-services-measurement-api:21.3.0] AndroidManifest.xml:31:13-33:85
79                android:name="com.google.firebase.components:com.google.firebase.analytics.connector.internal.AnalyticsConnectorRegistrar"
79-->[com.google.android.gms:play-services-measurement-api:21.3.0] AndroidManifest.xml:32:17-139
80                android:value="com.google.firebase.components.ComponentRegistrar" />
80-->[com.google.android.gms:play-services-measurement-api:21.3.0] AndroidManifest.xml:33:17-82
81            <meta-data
81-->[com.google.firebase:firebase-installations:17.0.1] AndroidManifest.xml:18:13-20:85
82                android:name="com.google.firebase.components:com.google.firebase.installations.FirebaseInstallationsRegistrar"
82-->[com.google.firebase:firebase-installations:17.0.1] AndroidManifest.xml:19:17-127
83                android:value="com.google.firebase.components.ComponentRegistrar" />
83-->[com.google.firebase:firebase-installations:17.0.1] AndroidManifest.xml:20:17-82
84        </service>
85
86        <activity
86-->[com.google.firebase:firebase-auth:22.0.0] AndroidManifest.xml:29:9-46:20
87            android:name="com.google.firebase.auth.internal.GenericIdpActivity"
87-->[com.google.firebase:firebase-auth:22.0.0] AndroidManifest.xml:30:13-80
88            android:excludeFromRecents="true"
88-->[com.google.firebase:firebase-auth:22.0.0] AndroidManifest.xml:31:13-46
89            android:exported="true"
89-->[com.google.firebase:firebase-auth:22.0.0] AndroidManifest.xml:32:13-36
90            android:launchMode="singleTask"
90-->[com.google.firebase:firebase-auth:22.0.0] AndroidManifest.xml:33:13-44
91            android:theme="@android:style/Theme.Translucent.NoTitleBar" >
91-->[com.google.firebase:firebase-auth:22.0.0] AndroidManifest.xml:34:13-72
92            <intent-filter>
92-->[com.google.firebase:firebase-auth:22.0.0] AndroidManifest.xml:35:13-45:29
93                <action android:name="android.intent.action.VIEW" />
93-->[com.google.firebase:firebase-auth:22.0.0] AndroidManifest.xml:36:17-69
93-->[com.google.firebase:firebase-auth:22.0.0] AndroidManifest.xml:36:25-66
94
95                <category android:name="android.intent.category.DEFAULT" />
95-->[com.google.firebase:firebase-auth:22.0.0] AndroidManifest.xml:38:17-76
95-->[com.google.firebase:firebase-auth:22.0.0] AndroidManifest.xml:38:27-73
96                <category android:name="android.intent.category.BROWSABLE" />
96-->[com.google.firebase:firebase-auth:22.0.0] AndroidManifest.xml:39:17-78
96-->[com.google.firebase:firebase-auth:22.0.0] AndroidManifest.xml:39:27-75
97
98                <data
98-->[com.google.firebase:firebase-auth:22.0.0] AndroidManifest.xml:41:17-44:51
99                    android:host="firebase.auth"
99-->[com.google.firebase:firebase-auth:22.0.0] AndroidManifest.xml:42:21-49
100                    android:path="/"
100-->[com.google.firebase:firebase-auth:22.0.0] AndroidManifest.xml:43:21-37
101                    android:scheme="genericidp" />
101-->[com.google.firebase:firebase-auth:22.0.0] AndroidManifest.xml:44:21-48
102            </intent-filter>
103        </activity>
104        <activity
104-->[com.google.firebase:firebase-auth:22.0.0] AndroidManifest.xml:47:9-64:20
105            android:name="com.google.firebase.auth.internal.RecaptchaActivity"
105-->[com.google.firebase:firebase-auth:22.0.0] AndroidManifest.xml:48:13-79
106            android:excludeFromRecents="true"
106-->[com.google.firebase:firebase-auth:22.0.0] AndroidManifest.xml:49:13-46
107            android:exported="true"
107-->[com.google.firebase:firebase-auth:22.0.0] AndroidManifest.xml:50:13-36
108            android:launchMode="singleTask"
108-->[com.google.firebase:firebase-auth:22.0.0] AndroidManifest.xml:51:13-44
109            android:theme="@android:style/Theme.Translucent.NoTitleBar" >
109-->[com.google.firebase:firebase-auth:22.0.0] AndroidManifest.xml:52:13-72
110            <intent-filter>
110-->[com.google.firebase:firebase-auth:22.0.0] AndroidManifest.xml:53:13-63:29
111                <action android:name="android.intent.action.VIEW" />
111-->[com.google.firebase:firebase-auth:22.0.0] AndroidManifest.xml:36:17-69
111-->[com.google.firebase:firebase-auth:22.0.0] AndroidManifest.xml:36:25-66
112
113                <category android:name="android.intent.category.DEFAULT" />
113-->[com.google.firebase:firebase-auth:22.0.0] AndroidManifest.xml:38:17-76
113-->[com.google.firebase:firebase-auth:22.0.0] AndroidManifest.xml:38:27-73
114                <category android:name="android.intent.category.BROWSABLE" />
114-->[com.google.firebase:firebase-auth:22.0.0] AndroidManifest.xml:39:17-78
114-->[com.google.firebase:firebase-auth:22.0.0] AndroidManifest.xml:39:27-75
115
116                <data
116-->[com.google.firebase:firebase-auth:22.0.0] AndroidManifest.xml:41:17-44:51
117                    android:host="firebase.auth"
117-->[com.google.firebase:firebase-auth:22.0.0] AndroidManifest.xml:42:21-49
118                    android:path="/"
118-->[com.google.firebase:firebase-auth:22.0.0] AndroidManifest.xml:43:21-37
119                    android:scheme="recaptcha" />
119-->[com.google.firebase:firebase-auth:22.0.0] AndroidManifest.xml:44:21-48
120            </intent-filter>
121        </activity>
122        <activity
122-->[com.google.android.gms:play-services-auth:20.6.0] AndroidManifest.xml:23:9-27:75
123            android:name="com.google.android.gms.auth.api.signin.internal.SignInHubActivity"
123-->[com.google.android.gms:play-services-auth:20.6.0] AndroidManifest.xml:24:13-93
124            android:excludeFromRecents="true"
124-->[com.google.android.gms:play-services-auth:20.6.0] AndroidManifest.xml:25:13-46
125            android:exported="false"
125-->[com.google.android.gms:play-services-auth:20.6.0] AndroidManifest.xml:26:13-37
126            android:theme="@android:style/Theme.Translucent.NoTitleBar" />
126-->[com.google.android.gms:play-services-auth:20.6.0] AndroidManifest.xml:27:13-72
127        <!--
128            Service handling Google Sign-In user revocation. For apps that do not integrate with
129            Google Sign-In, this service will never be started.
130        -->
131        <service
131-->[com.google.android.gms:play-services-auth:20.6.0] AndroidManifest.xml:33:9-37:51
132            android:name="com.google.android.gms.auth.api.signin.RevocationBoundService"
132-->[com.google.android.gms:play-services-auth:20.6.0] AndroidManifest.xml:34:13-89
133            android:exported="true"
133-->[com.google.android.gms:play-services-auth:20.6.0] AndroidManifest.xml:35:13-36
134            android:permission="com.google.android.gms.auth.api.signin.permission.REVOCATION_NOTIFICATION"
134-->[com.google.android.gms:play-services-auth:20.6.0] AndroidManifest.xml:36:13-107
135            android:visibleToInstantApps="true" />
135-->[com.google.android.gms:play-services-auth:20.6.0] AndroidManifest.xml:37:13-48
136
137        <provider
137-->[com.google.firebase:firebase-common:20.3.2] AndroidManifest.xml:25:9-30:39
138            android:name="com.google.firebase.provider.FirebaseInitProvider"
138-->[com.google.firebase:firebase-common:20.3.2] AndroidManifest.xml:26:13-77
139            android:authorities="com.example.linkup.firebaseinitprovider"
139-->[com.google.firebase:firebase-common:20.3.2] AndroidManifest.xml:27:13-72
140            android:directBootAware="true"
140-->[com.google.firebase:firebase-common:20.3.2] AndroidManifest.xml:28:13-43
141            android:exported="false"
141-->[com.google.firebase:firebase-common:20.3.2] AndroidManifest.xml:29:13-37
142            android:initOrder="100" />
142-->[com.google.firebase:firebase-common:20.3.2] AndroidManifest.xml:30:13-36
143
144        <activity
144-->[com.google.android.gms:play-services-base:18.1.0] AndroidManifest.xml:20:9-22:45
145            android:name="com.google.android.gms.common.api.GoogleApiActivity"
145-->[com.google.android.gms:play-services-base:18.1.0] AndroidManifest.xml:20:19-85
146            android:exported="false"
146-->[com.google.android.gms:play-services-base:18.1.0] AndroidManifest.xml:22:19-43
147            android:theme="@android:style/Theme.Translucent.NoTitleBar" />
147-->[com.google.android.gms:play-services-base:18.1.0] AndroidManifest.xml:21:19-78
148
149        <receiver
149-->[com.google.android.gms:play-services-measurement:21.3.0] AndroidManifest.xml:29:9-33:20
150            android:name="com.google.android.gms.measurement.AppMeasurementReceiver"
150-->[com.google.android.gms:play-services-measurement:21.3.0] AndroidManifest.xml:30:13-85
151            android:enabled="true"
151-->[com.google.android.gms:play-services-measurement:21.3.0] AndroidManifest.xml:31:13-35
152            android:exported="false" >
152-->[com.google.android.gms:play-services-measurement:21.3.0] AndroidManifest.xml:32:13-37
153        </receiver>
154
155        <service
155-->[com.google.android.gms:play-services-measurement:21.3.0] AndroidManifest.xml:35:9-38:40
156            android:name="com.google.android.gms.measurement.AppMeasurementService"
156-->[com.google.android.gms:play-services-measurement:21.3.0] AndroidManifest.xml:36:13-84
157            android:enabled="true"
157-->[com.google.android.gms:play-services-measurement:21.3.0] AndroidManifest.xml:37:13-35
158            android:exported="false" />
158-->[com.google.android.gms:play-services-measurement:21.3.0] AndroidManifest.xml:38:13-37
159        <service
159-->[com.google.android.gms:play-services-measurement:21.3.0] AndroidManifest.xml:39:9-43:72
160            android:name="com.google.android.gms.measurement.AppMeasurementJobService"
160-->[com.google.android.gms:play-services-measurement:21.3.0] AndroidManifest.xml:40:13-87
161            android:enabled="true"
161-->[com.google.android.gms:play-services-measurement:21.3.0] AndroidManifest.xml:41:13-35
162            android:exported="false"
162-->[com.google.android.gms:play-services-measurement:21.3.0] AndroidManifest.xml:42:13-37
163            android:permission="android.permission.BIND_JOB_SERVICE" />
163-->[com.google.android.gms:play-services-measurement:21.3.0] AndroidManifest.xml:43:13-69
164
165        <meta-data
165-->[com.google.android.gms:play-services-basement:18.2.0] AndroidManifest.xml:21:9-23:69
166            android:name="com.google.android.gms.version"
166-->[com.google.android.gms:play-services-basement:18.2.0] AndroidManifest.xml:22:13-58
167            android:value="@integer/google_play_services_version" />
167-->[com.google.android.gms:play-services-basement:18.2.0] AndroidManifest.xml:23:13-66
168
169        <provider
169-->[androidx.emoji2:emoji2:1.2.0] AndroidManifest.xml:24:9-32:20
170            android:name="androidx.startup.InitializationProvider"
170-->[androidx.emoji2:emoji2:1.2.0] AndroidManifest.xml:25:13-67
171            android:authorities="com.example.linkup.androidx-startup"
171-->[androidx.emoji2:emoji2:1.2.0] AndroidManifest.xml:26:13-68
172            android:exported="false" >
172-->[androidx.emoji2:emoji2:1.2.0] AndroidManifest.xml:27:13-37
173            <meta-data
173-->[androidx.emoji2:emoji2:1.2.0] AndroidManifest.xml:29:13-31:52
174                android:name="androidx.emoji2.text.EmojiCompatInitializer"
174-->[androidx.emoji2:emoji2:1.2.0] AndroidManifest.xml:30:17-75
175                android:value="androidx.startup" />
175-->[androidx.emoji2:emoji2:1.2.0] AndroidManifest.xml:31:17-49
176            <meta-data
176-->[androidx.lifecycle:lifecycle-process:2.4.1] AndroidManifest.xml:31:13-33:52
177                android:name="androidx.lifecycle.ProcessLifecycleInitializer"
177-->[androidx.lifecycle:lifecycle-process:2.4.1] AndroidManifest.xml:32:17-78
178                android:value="androidx.startup" />
178-->[androidx.lifecycle:lifecycle-process:2.4.1] AndroidManifest.xml:33:17-49
179        </provider>
180    </application>
181
182</manifest>